digraph Tree {
node [shape=box] ;
0 [label="Employed? <= 0.5\ngini = 0.426\nsamples = 13\nvalue = [4, 9]"] ;
1 [label="Interned <= 0.5\ngini = 0.5\nsamples = 8\nvalue = [4, 4]"] ;
0 -> 1 [labeldistance=2.5, labelangle=45, headlabel="True"] ;
2 [label="Years Experience <= 0.5\ngini = 0.32\nsamples = 5\nvalue = [4, 1]"] ;
1 -> 2 ;
3 [label="Level of Education <= 1.0\ngini = 0.5\nsamples = 2\nvalue = [1, 1]"] ;
2 -> 3 ;
4 [label="gini = 0.0\nsamples = 1\nvalue = [1, 0]"] ;
3 -> 4 ;
5 [label="gini = 0.0\nsamples = 1\nvalue = [0, 1]"] ;
3 -> 5 ;
6 [label="gini = 0.0\nsamples = 3\nvalue = [3, 0]"] ;
2 -> 6 ;
7 [label="gini = 0.0\nsamples = 3\nvalue = [0, 3]"] ;
1 -> 7 ;
8 [label="gini = 0.0\nsamples = 5\nvalue = [0, 5]"] ;
0 -> 8 [labeldistance=2.5, labelangle=-45, headlabel="False"] ;
}